Determining if the pthread_create exist failed with the following output:
Change Dir: /home/zzx/carto_ws/google_carto_ros_ws/build_isolated/cartographer_ros_msgs/CMakeFiles/CMakeTmp

Run Build Command:"/usr/bin/ninja" "cmTC_39af1"
[1/2] Building C object CMakeFiles/cmTC_39af1.dir/CheckSymbolExists.c.o
[2/2] Linking C executable cmTC_39af1
FAILED: cmTC_39af1 
: && /usr/bin/cc   -rdynamic CMakeFiles/cmTC_39af1.dir/CheckSymbolExists.c.o  -o cmTC_39af1   && :
CMakeFiles/cmTC_39af1.dir/CheckSymbolExists.c.o: In function `main':
CheckSymbolExists.c:(.text+0x1b): undefined reference to `pthread_create'
collect2: error: ld returned 1 exit status
ninja: build stopped: subcommand failed.

File /home/zzx/carto_ws/google_carto_ros_ws/build_isolated/cartographer_ros_msgs/CMakeFiles/CMakeTmp/CheckSymbolExists.c:
/* */
#include <pthread.h>

int main(int argc, char** argv)
{
  (void)argv;
#ifndef pthread_create
  return ((int*)(&pthread_create))[argc];
#else
  (void)argc;
  return 0;
#endif
}

Determining if the function pthread_create exists in the pthreads failed with the following output:
Change Dir: /home/zzx/carto_ws/google_carto_ros_ws/build_isolated/cartographer_ros_msgs/CMakeFiles/CMakeTmp

Run Build Command:"/usr/bin/ninja" "cmTC_45e14"
[1/2] Building C object CMakeFiles/cmTC_45e14.dir/CheckFunctionExists.c.o
[2/2] Linking C executable cmTC_45e14
FAILED: cmTC_45e14 
: && /usr/bin/cc -DCHECK_FUNCTION_EXISTS=pthread_create  -rdynamic CMakeFiles/cmTC_45e14.dir/CheckFunctionExists.c.o  -o cmTC_45e14  -lpthreads && :
/usr/bin/ld: cannot find -lpthreads
collect2: error: ld returned 1 exit status
ninja: build stopped: subcommand failed.


